<?xml version="1.0" encoding="UTF-8"?>
<testsuite xmlns:xsi="http://www.w3.org/2001/XMLSchema-instance" xsi:noNamespaceSchemaLocation="https://maven.apache.org/surefire/maven-surefire-plugin/xsd/surefire-test-report-3.0.xsd" version="3.0" name="PerformancePortalTest" time="8.746" tests="1" errors="0" skipped="0" failures="0">
  <properties>
    <property name="java.specification.version" value="21"/>
    <property name="darklaf.decorations" value="false"/>
    <property name="sun.cpu.isalist" value="amd64"/>
    <property name="sun.jnu.encoding" value="Cp1252"/>
    <property name="sun.awt.enableExtraMouseButtons" value="true"/>
    <property name="java.class.path" value="C:\work\PORTAL\jmeter-javadsl-test\target\test-classes;C:\work\PORTAL\jmeter-javadsl-test\target\classes;c:\work\repository\us\abstracta\jmeter\jmeter-java-dsl\1.29.1\jmeter-java-dsl-1.29.1.jar;c:\work\repository\org\apache\jmeter\ApacheJMeter_http\5.5\ApacheJMeter_http-5.5.jar;c:\work\repository\org\apache\jmeter\ApacheJMeter_core\5.5\ApacheJMeter_core-5.5.jar;c:\work\repository\org\apache\jmeter\ApacheJMeter\5.5\ApacheJMeter-5.5.jar;c:\work\repository\org\apache\jmeter\jorphan\5.5\jorphan-5.5.jar;c:\work\repository\bsf\bsf\2.4.0\bsf-2.4.0.jar;c:\work\repository\com\fifesoft\rsyntaxtextarea\3.2.0\rsyntaxtextarea-3.2.0.jar;c:\work\repository\org\apache\logging\log4j\log4j-1.2-api\2.17.2\log4j-1.2-api-2.17.2.jar;c:\work\repository\org\apache\logging\log4j\log4j-api\2.17.2\log4j-api-2.17.2.jar;c:\work\repository\org\apache\logging\log4j\log4j-core\2.17.2\log4j-core-2.17.2.jar;c:\work\repository\org\apache\logging\log4j\log4j-slf4j-impl\2.17.2\log4j-slf4j-impl-2.17.2.jar;c:\work\repository\xalan\xalan\2.7.2\xalan-2.7.2.jar;c:\work\repository\xalan\serializer\2.7.2\serializer-2.7.2.jar;c:\work\repository\net\sf\saxon\Saxon-HE\11.3\Saxon-HE-11.3.jar;c:\work\repository\org\xmlresolver\xmlresolver\4.2.0\xmlresolver-4.2.0.jar;c:\work\repository\org\xmlresolver\xmlresolver\4.2.0\xmlresolver-4.2.0-data.jar;c:\work\repository\org\jetbrains\kotlin\kotlin-stdlib-jdk8\1.6.21\kotlin-stdlib-jdk8-1.6.21.jar;c:\work\repository\org\jetbrains\kotlin\kotlin-stdlib\1.6.21\kotlin-stdlib-1.6.21.jar;c:\work\repository\org\jetbrains\kotlin\kotlin-stdlib-jdk7\1.6.21\kotlin-stdlib-jdk7-1.6.21.jar;c:\work\repository\org\jetbrains\kotlinx\kotlinx-coroutines-core\1.6.1\kotlinx-coroutines-core-1.6.1.jar;c:\work\repository\org\jetbrains\kotlinx\kotlinx-coroutines-core-jvm\1.6.1\kotlinx-coroutines-core-jvm-1.6.1.jar;c:\work\repository\org\jetbrains\kotlinx\kotlinx-coroutines-swing\1.6.1\kotlinx-coroutines-swing-1.6.1.jar;c:\work\repository\com\formdev\svgSalamander\1.1.2.4\svgSalamander-1.1.2.4.jar;c:\work\repository\com\github\weisj\darklaf-core\2.7.3\darklaf-core-2.7.3.jar;c:\work\repository\com\github\weisj\darklaf-utils\2.7.3\darklaf-utils-2.7.3.jar;c:\work\repository\com\github\weisj\darklaf-native-utils\2.7.3\darklaf-native-utils-2.7.3.jar;c:\work\repository\com\github\weisj\darklaf-platform-base\2.7.3\darklaf-platform-base-2.7.3.jar;c:\work\repository\com\github\weisj\darklaf-windows\2.7.3\darklaf-windows-2.7.3.jar;c:\work\repository\com\github\weisj\darklaf-macos\2.7.3\darklaf-macos-2.7.3.jar;c:\work\repository\com\github\weisj\swing-extensions-laf-support\0.1.3\swing-extensions-laf-support-0.1.3.jar;c:\work\repository\com\github\weisj\darklaf-theme\2.7.3\darklaf-theme-2.7.3.jar;c:\work\repository\com\github\weisj\darklaf-property-loader\2.7.3\darklaf-property-loader-2.7.3.jar;c:\work\repository\com\github\weisj\swing-extensions-visual-padding\0.1.3\swing-extensions-visual-padding-0.1.3.jar;c:\work\repository\org\jetbrains\annotations\16.0.2\annotations-16.0.2.jar;c:\work\repository\com\github\weisj\darklaf-extensions-rsyntaxarea\0.3.4\darklaf-extensions-rsyntaxarea-0.3.4.jar;c:\work\repository\commons-collections\commons-collections\3.2.2\commons-collections-3.2.2.jar;c:\work\repository\org\jetbrains\lets-plot\lets-plot-batik\2.2.1\lets-plot-batik-2.2.1.jar;c:\work\repository\org\apache\xmlgraphics\batik-codec\1.14\batik-codec-1.14.jar;c:\work\repository\org\apache\xmlgraphics\batik-awt-util\1.14\batik-awt-util-1.14.jar;c:\work\repository\org\apache\xmlgraphics\batik-bridge\1.14\batik-bridge-1.14.jar;c:\work\repository\org\apache\xmlgraphics\batik-anim\1.14\batik-anim-1.14.jar;c:\work\repository\org\apache\xmlgraphics\batik-ext\1.14\batik-ext-1.14.jar;c:\work\repository\org\apache\xmlgraphics\batik-css\1.14\batik-css-1.14.jar;c:\work\repository\org\apache\xmlgraphics\batik-dom\1.14\batik-dom-1.14.jar;c:\work\repository\org\apache\xmlgraphics\batik-gvt\1.14\batik-gvt-1.14.jar;c:\work\repository\org\apache\xmlgraphics\batik-parser\1.14\batik-parser-1.14.jar;c:\work\repository\org\apache\xmlgraphics\batik-script\1.14\batik-script-1.14.jar;c:\work\repository\org\apache\xmlgraphics\batik-svg-dom\1.14\batik-svg-dom-1.14.jar;c:\work\repository\org\apache\xmlgraphics\batik-xml\1.14\batik-xml-1.14.jar;c:\work\repository\xml-apis\xml-apis-ext\1.3.04\xml-apis-ext-1.3.04.jar;c:\work\repository\org\apache\xmlgraphics\batik-shared-resources\1.14\batik-shared-resources-1.14.jar;c:\work\repository\org\apache\xmlgraphics\batik-transcoder\1.14\batik-transcoder-1.14.jar;c:\work\repository\org\apache\xmlgraphics\batik-svggen\1.14\batik-svggen-1.14.jar;c:\work\repository\org\apache\xmlgraphics\batik-util\1.14\batik-util-1.14.jar;c:\work\repository\org\apache\xmlgraphics\batik-constants\1.14\batik-constants-1.14.jar;c:\work\repository\org\apache\xmlgraphics\batik-i18n\1.14\batik-i18n-1.14.jar;c:\work\repository\org\jetbrains\lets-plot\lets-plot-common\2.2.1\lets-plot-common-2.2.1.jar;c:\work\repository\io\github\microutils\kotlin-logging\2.0.5\kotlin-logging-2.0.5.jar;c:\work\repository\org\jetbrains\kotlinx\kotlinx-html-jvm\0.7.3\kotlinx-html-jvm-0.7.3.jar;c:\work\repository\org\jetbrains\lets-plot\lets-plot-kotlin-jvm\3.1.1\lets-plot-kotlin-jvm-3.1.1.jar;c:\work\repository\org\jetbrains\lets-plot\base-portable-jvm\2.2.1\base-portable-jvm-2.2.1.jar;c:\work\repository\org\jetbrains\lets-plot\plot-base-portable-jvm\2.2.1\plot-base-portable-jvm-2.2.1.jar;c:\work\repository\org\jetbrains\lets-plot\vis-svg-portable-jvm\2.2.1\vis-svg-portable-jvm-2.2.1.jar;c:\work\repository\org\jetbrains\lets-plot\plot-common-portable-jvm\2.2.1\plot-common-portable-jvm-2.2.1.jar;c:\work\repository\org\jetbrains\lets-plot\plot-builder-portable-jvm\2.2.1\plot-builder-portable-jvm-2.2.1.jar;c:\work\repository\org\jetbrains\lets-plot\plot-config-portable-jvm\2.2.1\plot-config-portable-jvm-2.2.1.jar;c:\work\repository\org\jetbrains\kotlin\kotlin-stdlib-common\1.5.31\kotlin-stdlib-common-1.5.31.jar;c:\work\repository\io\github\microutils\kotlin-logging-jvm\2.0.5\kotlin-logging-jvm-2.0.5.jar;c:\work\repository\org\apache\xmlgraphics\xmlgraphics-commons\2.7\xmlgraphics-commons-2.7.jar;c:\work\repository\org\freemarker\freemarker\2.3.31\freemarker-2.3.31.jar;c:\work\repository\org\jodd\jodd-core\5.0.13\jodd-core-5.0.13.jar;c:\work\repository\org\jodd\jodd-props\5.0.13\jodd-props-5.0.13.jar;c:\work\repository\org\slf4j\jcl-over-slf4j\1.7.36\jcl-over-slf4j-1.7.36.jar;c:\work\repository\org\codehaus\groovy\groovy\3.0.11\groovy-3.0.11.jar;c:\work\repository\org\codehaus\groovy\groovy-dateutil\3.0.11\groovy-dateutil-3.0.11.jar;c:\work\repository\org\codehaus\groovy\groovy-datetime\3.0.11\groovy-datetime-3.0.11.jar;c:\work\repository\org\codehaus\groovy\groovy-jmx\3.0.11\groovy-jmx-3.0.11.jar;c:\work\repository\org\codehaus\groovy\groovy-json\3.0.11\groovy-json-3.0.11.jar;c:\work\repository\org\codehaus\groovy\groovy-jsr223\3.0.11\groovy-jsr223-3.0.11.jar;c:\work\repository\org\codehaus\groovy\groovy-sql\3.0.11\groovy-sql-3.0.11.jar;c:\work\repository\org\codehaus\groovy\groovy-templates\3.0.11\groovy-templates-3.0.11.jar;c:\work\repository\org\codehaus\groovy\groovy-xml\3.0.11\groovy-xml-3.0.11.jar;c:\work\repository\xerces\xercesImpl\2.12.2\xercesImpl-2.12.2.jar;c:\work\repository\xml-apis\xml-apis\1.4.01\xml-apis-1.4.01.jar;c:\work\repository\com\thoughtworks\xstream\xstream\1.4.19\xstream-1.4.19.jar;c:\work\repository\io\github\x-stream\mxparser\1.2.2\mxparser-1.2.2.jar;c:\work\repository\xmlpull\xmlpull\1.1.3.1\xmlpull-1.1.3.1.jar;c:\work\repository\com\github\ben-manes\caffeine\caffeine\2.9.3\caffeine-2.9.3.jar;c:\work\repository\org\checkerframework\checker-qual\3.19.0\checker-qual-3.19.0.jar;c:\work\repository\com\google\errorprone\error_prone_annotations\2.10.0\error_prone_annotations-2.10.0.jar;c:\work\repository\org\apache\commons\commons-lang3\3.12.0\commons-lang3-3.12.0.jar;c:\work\repository\org\apache\commons\commons-text\1.9\commons-text-1.9.jar;c:\work\repository\org\jodd\jodd-lagarto\5.0.13\jodd-lagarto-5.0.13.jar;c:\work\repository\org\jsoup\jsoup\1.15.1\jsoup-1.15.1.jar;c:\work\repository\oro\oro\2.0.8\oro-2.0.8.jar;c:\work\repository\org\apache\commons\commons-collections4\4.4\commons-collections4-4.4.jar;c:\work\repository\commons-net\commons-net\3.8.0\commons-net-3.8.0.jar;c:\work\repository\com\helger\commons\ph-commons\10.1.6\ph-commons-10.1.6.jar;c:\work\repository\com\helger\ph-css\6.5.0\ph-css-6.5.0.jar;c:\work\repository\dnsjava\dnsjava\2.1.9\dnsjava-2.1.9.jar;c:\work\repository\org\apache\httpcomponents\httpmime\4.5.13\httpmime-4.5.13.jar;c:\work\repository\org\brotli\dec\0.1.2\dec-0.1.2.jar;c:\work\repository\com\miglayout\miglayout-swing\5.3\miglayout-swing-5.3.jar;c:\work\repository\com\miglayout\miglayout-core\5.3\miglayout-core-5.3.jar;c:\work\repository\org\apache\tika\tika-core\1.28.3\tika-core-1.28.3.jar;c:\work\repository\org\apache\tika\tika-parsers\1.28.3\tika-parsers-1.28.3.jar;c:\work\repository\org\apache\jmeter\ApacheJMeter_functions\5.5\ApacheJMeter_functions-5.5.jar;c:\work\repository\org\mozilla\rhino\1.7.14\rhino-1.7.14.jar;c:\work\repository\commons-codec\commons-codec\1.15\commons-codec-1.15.jar;c:\work\repository\org\apache\commons\commons-jexl\2.1.1\commons-jexl-2.1.1.jar;c:\work\repository\org\apache\commons\commons-jexl3\3.2.1\commons-jexl3-3.2.1.jar;c:\work\repository\org\apache\jmeter\ApacheJMeter_components\5.5\ApacheJMeter_components-5.5.jar;c:\work\repository\org\apache-extras\beanshell\bsh\2.0b6\bsh-2.0b6.jar;c:\work\repository\javax\mail\mail\1.5.0-b01\mail-1.5.0-b01.jar;c:\work\repository\io\burt\jmespath-core\0.5.1\jmespath-core-0.5.1.jar;c:\work\repository\io\burt\jmespath-jackson\0.5.1\jmespath-jackson-0.5.1.jar;c:\work\repository\jcharts\jcharts\0.7.5\jcharts-0.7.5.jar;c:\work\repository\net\minidev\json-smart\2.4.8\json-smart-2.4.8.jar;c:\work\repository\net\minidev\accessors-smart\2.4.8\accessors-smart-2.4.8.jar;c:\work\repository\org\ow2\asm\asm\9.3\asm-9.3.jar;c:\work\repository\org\jodd\jodd-log\5.0.13\jodd-log-5.0.13.jar;c:\work\repository\com\jayway\jsonpath\json-path\2.7.0\json-path-2.7.0.jar;c:\work\repository\org\apache\httpcomponents\httpasyncclient\4.1.5\httpasyncclient-4.1.5.jar;c:\work\repository\org\apache\httpcomponents\httpcore-nio\4.4.15\httpcore-nio-4.4.15.jar;c:\work\repository\net\sf\jtidy\jtidy\r938\jtidy-r938.jar;c:\work\repository\com\sun\activation\javax.activation\1.2.0\javax.activation-1.2.0.jar;c:\work\repository\org\apache\jmeter\ApacheJMeter_config\5.5\ApacheJMeter_config-5.5.jar;c:\work\repository\org\apache\jmeter\ApacheJMeter_java\5.5\ApacheJMeter_java-5.5.jar;c:\work\repository\kg\apc\jmeter-plugins-casutg\2.10\jmeter-plugins-casutg-2.10.jar;c:\work\repository\kg\apc\jmeter-plugins-cmn-jmeter\0.6\jmeter-plugins-cmn-jmeter-0.6.jar;c:\work\repository\kg\apc\jmeter-plugins-charts\0.1\jmeter-plugins-charts-0.1.jar;c:\work\repository\kg\apc\jmeter-plugins-tst\2.5\jmeter-plugins-tst-2.5.jar;c:\work\repository\kg\apc\jmeter-plugins-dummy\0.4\jmeter-plugins-dummy-0.4.jar;c:\work\repository\com\blazemeter\jmeter-plugins-wsc\0.7\jmeter-plugins-wsc-0.7.jar;c:\work\repository\com\blazemeter\jmeter-plugins-random-csv-data-set\0.8\jmeter-plugins-random-csv-data-set-0.8.jar;c:\work\repository\org\apache\httpcomponents\httpcore\4.4.16\httpcore-4.4.16.jar;c:\work\repository\org\apache\httpcomponents\httpclient\4.5.14\httpclient-4.5.14.jar;c:\work\repository\commons-logging\commons-logging\1.2\commons-logging-1.2.jar;c:\work\repository\commons-io\commons-io\2.11.0\commons-io-2.11.0.jar;c:\work\repository\org\apache\commons\commons-math3\3.6.1\commons-math3-3.6.1.jar;c:\work\repository\org\slf4j\slf4j-api\1.7.36\slf4j-api-1.7.36.jar;c:\work\repository\com\fasterxml\jackson\core\jackson-databind\2.14.2\jackson-databind-2.14.2.jar;c:\work\repository\com\fasterxml\jackson\core\jackson-annotations\2.14.2\jackson-annotations-2.14.2.jar;c:\work\repository\com\fasterxml\jackson\core\jackson-core\2.14.2\jackson-core-2.14.2.jar;c:\work\repository\org\apache\commons\commons-pool2\2.11.1\commons-pool2-2.11.1.jar;c:\work\repository\org\junit\jupiter\junit-jupiter-engine\5.9.1\junit-jupiter-engine-5.9.1.jar;c:\work\repository\org\junit\platform\junit-platform-engine\1.9.1\junit-platform-engine-1.9.1.jar;c:\work\repository\org\opentest4j\opentest4j\1.2.0\opentest4j-1.2.0.jar;c:\work\repository\org\junit\platform\junit-platform-commons\1.9.1\junit-platform-commons-1.9.1.jar;c:\work\repository\org\junit\jupiter\junit-jupiter-api\5.9.1\junit-jupiter-api-5.9.1.jar;c:\work\repository\org\apiguardian\apiguardian-api\1.1.2\apiguardian-api-1.1.2.jar;c:\work\repository\org\assertj\assertj-core\3.24.2\assertj-core-3.24.2.jar;c:\work\repository\net\bytebuddy\byte-buddy\1.12.21\byte-buddy-1.12.21.jar;c:\work\repository\org\junit\platform\junit-platform-launcher\1.9.1\junit-platform-launcher-1.9.1.jar;c:\work\repository\us\abstracta\jmeter\jmeter-java-dsl-jmx2dsl\1.8\jmeter-java-dsl-jmx2dsl-1.8.jar;"/>
    <property name="java.vm.vendor" value="Eclipse Adoptium"/>
    <property name="sun.arch.data.model" value="64"/>
    <property name="user.variant" value=""/>
    <property name="nashorn.args" value="--no-deprecation-warning"/>
    <property name="java.vendor.url" value="https://adoptium.net/"/>
    <property name="user.timezone" value="Asia/Bangkok"/>
    <property name="os.name" value="Windows 11"/>
    <property name="java.vm.specification.version" value="21"/>
    <property name="sun.java.launcher" value="SUN_STANDARD"/>
    <property name="user.country" value="US"/>
    <property name="sun.boot.library.path" value="C:\Program Files\Eclipse Adoptium\jdk-21.0.3.9-hotspot\bin"/>
    <property name="darklaf.treeRowPopup" value="false"/>
    <property name="sun.java.command" value="C:\Users\tphvu.AAVN\AppData\Local\Temp\surefire6496781174602919953\surefirebooter-20250911142000199_3.jar C:\Users\tphvu.AAVN\AppData\Local\Temp\surefire6496781174602919953 2025-09-11T14-19-59_853-jvmRun1 surefire-20250911142000199_1tmp surefire_0-20250911142000199_2tmp"/>
    <property name="jdk.debug" value="release"/>
    <property name="surefire.test.class.path" value="C:\work\PORTAL\jmeter-javadsl-test\target\test-classes;C:\work\PORTAL\jmeter-javadsl-test\target\classes;c:\work\repository\us\abstracta\jmeter\jmeter-java-dsl\1.29.1\jmeter-java-dsl-1.29.1.jar;c:\work\repository\org\apache\jmeter\ApacheJMeter_http\5.5\ApacheJMeter_http-5.5.jar;c:\work\repository\org\apache\jmeter\ApacheJMeter_core\5.5\ApacheJMeter_core-5.5.jar;c:\work\repository\org\apache\jmeter\ApacheJMeter\5.5\ApacheJMeter-5.5.jar;c:\work\repository\org\apache\jmeter\jorphan\5.5\jorphan-5.5.jar;c:\work\repository\bsf\bsf\2.4.0\bsf-2.4.0.jar;c:\work\repository\com\fifesoft\rsyntaxtextarea\3.2.0\rsyntaxtextarea-3.2.0.jar;c:\work\repository\org\apache\logging\log4j\log4j-1.2-api\2.17.2\log4j-1.2-api-2.17.2.jar;c:\work\repository\org\apache\logging\log4j\log4j-api\2.17.2\log4j-api-2.17.2.jar;c:\work\repository\org\apache\logging\log4j\log4j-core\2.17.2\log4j-core-2.17.2.jar;c:\work\repository\org\apache\logging\log4j\log4j-slf4j-impl\2.17.2\log4j-slf4j-impl-2.17.2.jar;c:\work\repository\xalan\xalan\2.7.2\xalan-2.7.2.jar;c:\work\repository\xalan\serializer\2.7.2\serializer-2.7.2.jar;c:\work\repository\net\sf\saxon\Saxon-HE\11.3\Saxon-HE-11.3.jar;c:\work\repository\org\xmlresolver\xmlresolver\4.2.0\xmlresolver-4.2.0.jar;c:\work\repository\org\xmlresolver\xmlresolver\4.2.0\xmlresolver-4.2.0-data.jar;c:\work\repository\org\jetbrains\kotlin\kotlin-stdlib-jdk8\1.6.21\kotlin-stdlib-jdk8-1.6.21.jar;c:\work\repository\org\jetbrains\kotlin\kotlin-stdlib\1.6.21\kotlin-stdlib-1.6.21.jar;c:\work\repository\org\jetbrains\kotlin\kotlin-stdlib-jdk7\1.6.21\kotlin-stdlib-jdk7-1.6.21.jar;c:\work\repository\org\jetbrains\kotlinx\kotlinx-coroutines-core\1.6.1\kotlinx-coroutines-core-1.6.1.jar;c:\work\repository\org\jetbrains\kotlinx\kotlinx-coroutines-core-jvm\1.6.1\kotlinx-coroutines-core-jvm-1.6.1.jar;c:\work\repository\org\jetbrains\kotlinx\kotlinx-coroutines-swing\1.6.1\kotlinx-coroutines-swing-1.6.1.jar;c:\work\repository\com\formdev\svgSalamander\1.1.2.4\svgSalamander-1.1.2.4.jar;c:\work\repository\com\github\weisj\darklaf-core\2.7.3\darklaf-core-2.7.3.jar;c:\work\repository\com\github\weisj\darklaf-utils\2.7.3\darklaf-utils-2.7.3.jar;c:\work\repository\com\github\weisj\darklaf-native-utils\2.7.3\darklaf-native-utils-2.7.3.jar;c:\work\repository\com\github\weisj\darklaf-platform-base\2.7.3\darklaf-platform-base-2.7.3.jar;c:\work\repository\com\github\weisj\darklaf-windows\2.7.3\darklaf-windows-2.7.3.jar;c:\work\repository\com\github\weisj\darklaf-macos\2.7.3\darklaf-macos-2.7.3.jar;c:\work\repository\com\github\weisj\swing-extensions-laf-support\0.1.3\swing-extensions-laf-support-0.1.3.jar;c:\work\repository\com\github\weisj\darklaf-theme\2.7.3\darklaf-theme-2.7.3.jar;c:\work\repository\com\github\weisj\darklaf-property-loader\2.7.3\darklaf-property-loader-2.7.3.jar;c:\work\repository\com\github\weisj\swing-extensions-visual-padding\0.1.3\swing-extensions-visual-padding-0.1.3.jar;c:\work\repository\org\jetbrains\annotations\16.0.2\annotations-16.0.2.jar;c:\work\repository\com\github\weisj\darklaf-extensions-rsyntaxarea\0.3.4\darklaf-extensions-rsyntaxarea-0.3.4.jar;c:\work\repository\commons-collections\commons-collections\3.2.2\commons-collections-3.2.2.jar;c:\work\repository\org\jetbrains\lets-plot\lets-plot-batik\2.2.1\lets-plot-batik-2.2.1.jar;c:\work\repository\org\apache\xmlgraphics\batik-codec\1.14\batik-codec-1.14.jar;c:\work\repository\org\apache\xmlgraphics\batik-awt-util\1.14\batik-awt-util-1.14.jar;c:\work\repository\org\apache\xmlgraphics\batik-bridge\1.14\batik-bridge-1.14.jar;c:\work\repository\org\apache\xmlgraphics\batik-anim\1.14\batik-anim-1.14.jar;c:\work\repository\org\apache\xmlgraphics\batik-ext\1.14\batik-ext-1.14.jar;c:\work\repository\org\apache\xmlgraphics\batik-css\1.14\batik-css-1.14.jar;c:\work\repository\org\apache\xmlgraphics\batik-dom\1.14\batik-dom-1.14.jar;c:\work\repository\org\apache\xmlgraphics\batik-gvt\1.14\batik-gvt-1.14.jar;c:\work\repository\org\apache\xmlgraphics\batik-parser\1.14\batik-parser-1.14.jar;c:\work\repository\org\apache\xmlgraphics\batik-script\1.14\batik-script-1.14.jar;c:\work\repository\org\apache\xmlgraphics\batik-svg-dom\1.14\batik-svg-dom-1.14.jar;c:\work\repository\org\apache\xmlgraphics\batik-xml\1.14\batik-xml-1.14.jar;c:\work\repository\xml-apis\xml-apis-ext\1.3.04\xml-apis-ext-1.3.04.jar;c:\work\repository\org\apache\xmlgraphics\batik-shared-resources\1.14\batik-shared-resources-1.14.jar;c:\work\repository\org\apache\xmlgraphics\batik-transcoder\1.14\batik-transcoder-1.14.jar;c:\work\repository\org\apache\xmlgraphics\batik-svggen\1.14\batik-svggen-1.14.jar;c:\work\repository\org\apache\xmlgraphics\batik-util\1.14\batik-util-1.14.jar;c:\work\repository\org\apache\xmlgraphics\batik-constants\1.14\batik-constants-1.14.jar;c:\work\repository\org\apache\xmlgraphics\batik-i18n\1.14\batik-i18n-1.14.jar;c:\work\repository\org\jetbrains\lets-plot\lets-plot-common\2.2.1\lets-plot-common-2.2.1.jar;c:\work\repository\io\github\microutils\kotlin-logging\2.0.5\kotlin-logging-2.0.5.jar;c:\work\repository\org\jetbrains\kotlinx\kotlinx-html-jvm\0.7.3\kotlinx-html-jvm-0.7.3.jar;c:\work\repository\org\jetbrains\lets-plot\lets-plot-kotlin-jvm\3.1.1\lets-plot-kotlin-jvm-3.1.1.jar;c:\work\repository\org\jetbrains\lets-plot\base-portable-jvm\2.2.1\base-portable-jvm-2.2.1.jar;c:\work\repository\org\jetbrains\lets-plot\plot-base-portable-jvm\2.2.1\plot-base-portable-jvm-2.2.1.jar;c:\work\repository\org\jetbrains\lets-plot\vis-svg-portable-jvm\2.2.1\vis-svg-portable-jvm-2.2.1.jar;c:\work\repository\org\jetbrains\lets-plot\plot-common-portable-jvm\2.2.1\plot-common-portable-jvm-2.2.1.jar;c:\work\repository\org\jetbrains\lets-plot\plot-builder-portable-jvm\2.2.1\plot-builder-portable-jvm-2.2.1.jar;c:\work\repository\org\jetbrains\lets-plot\plot-config-portable-jvm\2.2.1\plot-config-portable-jvm-2.2.1.jar;c:\work\repository\org\jetbrains\kotlin\kotlin-stdlib-common\1.5.31\kotlin-stdlib-common-1.5.31.jar;c:\work\repository\io\github\microutils\kotlin-logging-jvm\2.0.5\kotlin-logging-jvm-2.0.5.jar;c:\work\repository\org\apache\xmlgraphics\xmlgraphics-commons\2.7\xmlgraphics-commons-2.7.jar;c:\work\repository\org\freemarker\freemarker\2.3.31\freemarker-2.3.31.jar;c:\work\repository\org\jodd\jodd-core\5.0.13\jodd-core-5.0.13.jar;c:\work\repository\org\jodd\jodd-props\5.0.13\jodd-props-5.0.13.jar;c:\work\repository\org\slf4j\jcl-over-slf4j\1.7.36\jcl-over-slf4j-1.7.36.jar;c:\work\repository\org\codehaus\groovy\groovy\3.0.11\groovy-3.0.11.jar;c:\work\repository\org\codehaus\groovy\groovy-dateutil\3.0.11\groovy-dateutil-3.0.11.jar;c:\work\repository\org\codehaus\groovy\groovy-datetime\3.0.11\groovy-datetime-3.0.11.jar;c:\work\repository\org\codehaus\groovy\groovy-jmx\3.0.11\groovy-jmx-3.0.11.jar;c:\work\repository\org\codehaus\groovy\groovy-json\3.0.11\groovy-json-3.0.11.jar;c:\work\repository\org\codehaus\groovy\groovy-jsr223\3.0.11\groovy-jsr223-3.0.11.jar;c:\work\repository\org\codehaus\groovy\groovy-sql\3.0.11\groovy-sql-3.0.11.jar;c:\work\repository\org\codehaus\groovy\groovy-templates\3.0.11\groovy-templates-3.0.11.jar;c:\work\repository\org\codehaus\groovy\groovy-xml\3.0.11\groovy-xml-3.0.11.jar;c:\work\repository\xerces\xercesImpl\2.12.2\xercesImpl-2.12.2.jar;c:\work\repository\xml-apis\xml-apis\1.4.01\xml-apis-1.4.01.jar;c:\work\repository\com\thoughtworks\xstream\xstream\1.4.19\xstream-1.4.19.jar;c:\work\repository\io\github\x-stream\mxparser\1.2.2\mxparser-1.2.2.jar;c:\work\repository\xmlpull\xmlpull\1.1.3.1\xmlpull-1.1.3.1.jar;c:\work\repository\com\github\ben-manes\caffeine\caffeine\2.9.3\caffeine-2.9.3.jar;c:\work\repository\org\checkerframework\checker-qual\3.19.0\checker-qual-3.19.0.jar;c:\work\repository\com\google\errorprone\error_prone_annotations\2.10.0\error_prone_annotations-2.10.0.jar;c:\work\repository\org\apache\commons\commons-lang3\3.12.0\commons-lang3-3.12.0.jar;c:\work\repository\org\apache\commons\commons-text\1.9\commons-text-1.9.jar;c:\work\repository\org\jodd\jodd-lagarto\5.0.13\jodd-lagarto-5.0.13.jar;c:\work\repository\org\jsoup\jsoup\1.15.1\jsoup-1.15.1.jar;c:\work\repository\oro\oro\2.0.8\oro-2.0.8.jar;c:\work\repository\org\apache\commons\commons-collections4\4.4\commons-collections4-4.4.jar;c:\work\repository\commons-net\commons-net\3.8.0\commons-net-3.8.0.jar;c:\work\repository\com\helger\commons\ph-commons\10.1.6\ph-commons-10.1.6.jar;c:\work\repository\com\helger\ph-css\6.5.0\ph-css-6.5.0.jar;c:\work\repository\dnsjava\dnsjava\2.1.9\dnsjava-2.1.9.jar;c:\work\repository\org\apache\httpcomponents\httpmime\4.5.13\httpmime-4.5.13.jar;c:\work\repository\org\brotli\dec\0.1.2\dec-0.1.2.jar;c:\work\repository\com\miglayout\miglayout-swing\5.3\miglayout-swing-5.3.jar;c:\work\repository\com\miglayout\miglayout-core\5.3\miglayout-core-5.3.jar;c:\work\repository\org\apache\tika\tika-core\1.28.3\tika-core-1.28.3.jar;c:\work\repository\org\apache\tika\tika-parsers\1.28.3\tika-parsers-1.28.3.jar;c:\work\repository\org\apache\jmeter\ApacheJMeter_functions\5.5\ApacheJMeter_functions-5.5.jar;c:\work\repository\org\mozilla\rhino\1.7.14\rhino-1.7.14.jar;c:\work\repository\commons-codec\commons-codec\1.15\commons-codec-1.15.jar;c:\work\repository\org\apache\commons\commons-jexl\2.1.1\commons-jexl-2.1.1.jar;c:\work\repository\org\apache\commons\commons-jexl3\3.2.1\commons-jexl3-3.2.1.jar;c:\work\repository\org\apache\jmeter\ApacheJMeter_components\5.5\ApacheJMeter_components-5.5.jar;c:\work\repository\org\apache-extras\beanshell\bsh\2.0b6\bsh-2.0b6.jar;c:\work\repository\javax\mail\mail\1.5.0-b01\mail-1.5.0-b01.jar;c:\work\repository\io\burt\jmespath-core\0.5.1\jmespath-core-0.5.1.jar;c:\work\repository\io\burt\jmespath-jackson\0.5.1\jmespath-jackson-0.5.1.jar;c:\work\repository\jcharts\jcharts\0.7.5\jcharts-0.7.5.jar;c:\work\repository\net\minidev\json-smart\2.4.8\json-smart-2.4.8.jar;c:\work\repository\net\minidev\accessors-smart\2.4.8\accessors-smart-2.4.8.jar;c:\work\repository\org\ow2\asm\asm\9.3\asm-9.3.jar;c:\work\repository\org\jodd\jodd-log\5.0.13\jodd-log-5.0.13.jar;c:\work\repository\com\jayway\jsonpath\json-path\2.7.0\json-path-2.7.0.jar;c:\work\repository\org\apache\httpcomponents\httpasyncclient\4.1.5\httpasyncclient-4.1.5.jar;c:\work\repository\org\apache\httpcomponents\httpcore-nio\4.4.15\httpcore-nio-4.4.15.jar;c:\work\repository\net\sf\jtidy\jtidy\r938\jtidy-r938.jar;c:\work\repository\com\sun\activation\javax.activation\1.2.0\javax.activation-1.2.0.jar;c:\work\repository\org\apache\jmeter\ApacheJMeter_config\5.5\ApacheJMeter_config-5.5.jar;c:\work\repository\org\apache\jmeter\ApacheJMeter_java\5.5\ApacheJMeter_java-5.5.jar;c:\work\repository\kg\apc\jmeter-plugins-casutg\2.10\jmeter-plugins-casutg-2.10.jar;c:\work\repository\kg\apc\jmeter-plugins-cmn-jmeter\0.6\jmeter-plugins-cmn-jmeter-0.6.jar;c:\work\repository\kg\apc\jmeter-plugins-charts\0.1\jmeter-plugins-charts-0.1.jar;c:\work\repository\kg\apc\jmeter-plugins-tst\2.5\jmeter-plugins-tst-2.5.jar;c:\work\repository\kg\apc\jmeter-plugins-dummy\0.4\jmeter-plugins-dummy-0.4.jar;c:\work\repository\com\blazemeter\jmeter-plugins-wsc\0.7\jmeter-plugins-wsc-0.7.jar;c:\work\repository\com\blazemeter\jmeter-plugins-random-csv-data-set\0.8\jmeter-plugins-random-csv-data-set-0.8.jar;c:\work\repository\org\apache\httpcomponents\httpcore\4.4.16\httpcore-4.4.16.jar;c:\work\repository\org\apache\httpcomponents\httpclient\4.5.14\httpclient-4.5.14.jar;c:\work\repository\commons-logging\commons-logging\1.2\commons-logging-1.2.jar;c:\work\repository\commons-io\commons-io\2.11.0\commons-io-2.11.0.jar;c:\work\repository\org\apache\commons\commons-math3\3.6.1\commons-math3-3.6.1.jar;c:\work\repository\org\slf4j\slf4j-api\1.7.36\slf4j-api-1.7.36.jar;c:\work\repository\com\fasterxml\jackson\core\jackson-databind\2.14.2\jackson-databind-2.14.2.jar;c:\work\repository\com\fasterxml\jackson\core\jackson-annotations\2.14.2\jackson-annotations-2.14.2.jar;c:\work\repository\com\fasterxml\jackson\core\jackson-core\2.14.2\jackson-core-2.14.2.jar;c:\work\repository\org\apache\commons\commons-pool2\2.11.1\commons-pool2-2.11.1.jar;c:\work\repository\org\junit\jupiter\junit-jupiter-engine\5.9.1\junit-jupiter-engine-5.9.1.jar;c:\work\repository\org\junit\platform\junit-platform-engine\1.9.1\junit-platform-engine-1.9.1.jar;c:\work\repository\org\opentest4j\opentest4j\1.2.0\opentest4j-1.2.0.jar;c:\work\repository\org\junit\platform\junit-platform-commons\1.9.1\junit-platform-commons-1.9.1.jar;c:\work\repository\org\junit\jupiter\junit-jupiter-api\5.9.1\junit-jupiter-api-5.9.1.jar;c:\work\repository\org\apiguardian\apiguardian-api\1.1.2\apiguardian-api-1.1.2.jar;c:\work\repository\org\assertj\assertj-core\3.24.2\assertj-core-3.24.2.jar;c:\work\repository\net\bytebuddy\byte-buddy\1.12.21\byte-buddy-1.12.21.jar;c:\work\repository\org\junit\platform\junit-platform-launcher\1.9.1\junit-platform-launcher-1.9.1.jar;c:\work\repository\us\abstracta\jmeter\jmeter-java-dsl-jmx2dsl\1.8\jmeter-java-dsl-jmx2dsl-1.8.jar;"/>
    <property name="sun.cpu.endian" value="little"/>
    <property name="user.home" value="C:\Users\tphvu.AAVN"/>
    <property name="user.language" value="en"/>
    <property name="java.specification.vendor" value="Oracle Corporation"/>
    <property name="java.version.date" value="2024-04-16"/>
    <property name="java.home" value="C:\Program Files\Eclipse Adoptium\jdk-21.0.3.9-hotspot"/>
    <property name="javax.accessibility.assistive_technologies" value="com.sun.java.accessibility.AccessBridge"/>
    <property name="file.separator" value="\"/>
    <property name="basedir" value="C:\work\PORTAL\jmeter-javadsl-test"/>
    <property name="java.vm.compressedOopsMode" value="Zero based"/>
    <property name="line.separator" value="&#10;"/>
    <property name="darklaf.unifiedMenuBar" value="true"/>
    <property name="java.vm.specification.vendor" value="Oracle Corporation"/>
    <property name="java.specification.name" value="Java Platform API Specification"/>
    <property name="javax.accessibility.screen_magnifier_present" value="true"/>
    <property name="surefire.real.class.path" value="C:\Users\tphvu.AAVN\AppData\Local\Temp\surefire6496781174602919953\surefirebooter-20250911142000199_3.jar"/>
    <property name="darklaf.allowNativeCode" value="false"/>
    <property name="user.script" value=""/>
    <property name="sun.management.compiler" value="HotSpot 64-Bit Tiered Compilers"/>
    <property name="java.runtime.version" value="21.0.3+9-LTS"/>
    <property name="user.name" value="tphvu"/>
    <property name="stdout.encoding" value="Cp1252"/>
    <property name="path.separator" value=";"/>
    <property name="os.version" value="10.0"/>
    <property name="java.runtime.name" value="OpenJDK Runtime Environment"/>
    <property name="file.encoding" value="UTF-8"/>
    <property name="java.vm.name" value="OpenJDK 64-Bit Server VM"/>
    <property name="java.vendor.version" value="Temurin-21.0.3+9"/>
    <property name="localRepository" value="c:\work\repository"/>
    <property name="java.vendor.url.bug" value="https://github.com/adoptium/adoptium-support/issues"/>
    <property name="java.io.tmpdir" value="C:\Users\TPHVU~1.AAV\AppData\Local\Temp\"/>
    <property name="java.version" value="21.0.3"/>
    <property name="user.dir" value="C:\work\PORTAL\jmeter-javadsl-test"/>
    <property name="os.arch" value="amd64"/>
    <property name="java.vm.specification.name" value="Java Virtual Machine Specification"/>
    <property name="sun.os.patch.level" value=""/>
    <property name="native.encoding" value="Cp1252"/>
    <property name="java.library.path" value="C:\Program Files\Eclipse Adoptium\jdk-21.0.3.9-hotspot\bin;C:\WINDOWS\Sun\Java\bin;C:\WINDOWS\system32;C:\WINDOWS;C:\Program Files\Eclipse Adoptium\jdk-21.0.3.9-hotspot\bin;C:\Program Files\glzr.io\GlazeWM\\cli;C:\Program Files\Eclipse Adoptium\jdk-21.0.3.9-hotspot\bin;C:\WINDOWS;C:\WINDOWS\System32;C:\WINDOWS\System32\Wbem;C:\WINDOWS\System32\WindowsPowerShell\v1.0\;C:\WINDOWS\System32\OpenSSH\;C:\Program Files\dotnet\;C:\Program Files\Git\cmd;C:\opt\apache-maven-3.9.9\bin;C:\Program Files\nodejs\;C:\Program Files (x86)\Common Files\Oracle\Java\javapath;C:\ProgramData\chocolatey\bin;C:\WINDOWS\system32;C:\Program Files\Git\bin;C:\Program Files (x86)\Microsoft SQL Server\160\Tools\Binn\;C:\Program Files\Microsoft SQL Server\160\Tools\Binn\;C:\Program Files\Microsoft SQL Server\Client SDK\ODBC\170\Tools\Binn\;C:\Program Files\Microsoft SQL Server\160\DTS\Binn\;C:\Program Files (x86)\Microsoft SQL Server\160\DTS\Binn\;C:\Program Files\Calibre2\;C:\Program Files\TortoiseGit\bin;C:\Program Files\Rancher Desktop\resources\resources\win32\bin\;C:\Program Files\Rancher Desktop\resources\resources\win32\docker-cli-plugins\;C:\Program Files\Rancher Desktop\resources\resources\linux\bin\;C:\Program Files\Rancher Desktop\resources\resources\linux\docker-cli-plugins\;C:\Users\tphvu.AAVN\.jbang\bin;C:\Users\tphvu.AAVN\AppData\Local\Programs\Python\Python310\Scripts\;C:\Users\tphvu.AAVN\AppData\Local\Programs\Python\Python310\;C:\Users\tphvu.AAVN\AppData\Local\Microsoft\WindowsApps;C:\Program Files\JetBrains\IntelliJ IDEA 2023.1\bin;C:\Users\tphvu.AAVN\AppData\Local\Programs\Microsoft VS Code\bin;C:\Program Files\Azure Data Studio\bin;C:\Users\tphvu.AAVN\AppData\Roaming\npm;C:\tools\neovim\nvim-win64\bin;C:\Program Files\JetBrains\IntelliJ IDEA Community Edition 2023.3.2\bin;C:\Program Files\Git\usr\bin;C:\Users\tphvu.AAVN\AppData\Local\Microsoft\WindowsApps;C:\Users\tphvu.AAVN\AppData\Local\GitHubDesktop\bin;C:\Users\tphvu.AAVN\AppData\Local\Microsoft\WinGet\Packages\junegunn.fzf_Microsoft.Winget.Source_8wekyb3d8bbwe;C:\ProgramData\mingw64\mingw64\bin;C:\Users\tphvu.AAVN\AppData\Local\Programs\Ollama;C:\Users\tphvu.AAVN\.lmstudio\bin;."/>
    <property name="java.vm.info" value="mixed mode, sharing"/>
    <property name="stderr.encoding" value="Cp1252"/>
    <property name="java.vendor" value="Eclipse Adoptium"/>
    <property name="java.vm.version" value="21.0.3+9-LTS"/>
    <property name="sun.io.unicode.encoding" value="UnicodeLittle"/>
    <property name="java.class.version" value="65.0"/>
  </properties>
  <testcase name="testPortalWalkthrough" classname="PerformancePortalTest" time="8.718">
    <system-err><![CDATA[SLF4J: Class path contains multiple SLF4J bindings.
SLF4J: Found binding in [jar:file:/C:/work/repository/org/apache/logging/log4j/log4j-slf4j-impl/2.17.2/log4j-slf4j-impl-2.17.2.jar!/org/slf4j/impl/StaticLoggerBinder.class]
SLF4J: Found binding in [jar:file:/C:/work/repository/us/abstracta/jmeter/jmeter-java-dsl-jmx2dsl/1.8/jmeter-java-dsl-jmx2dsl-1.8.jar!/org/slf4j/impl/StaticLoggerBinder.class]
SLF4J: See http://www.slf4j.org/codes.html#multiple_bindings for an explanation.
SLF4J: Actual binding is of type [org.apache.logging.slf4j.Log4jLoggerFactory]
ERROR org.apache.jmeter.threads.JMeterThread - Test failed!
java.lang.IllegalArgumentException: Filename must not be null or empty
	at org.apache.jmeter.services.FileServer.reserveFile(FileServer.java:256) ~[ApacheJMeter_core-5.5.jar:5.5]
	at org.apache.jmeter.config.CSVDataSet.initVars(CSVDataSet.java:216) ~[ApacheJMeter_components-5.5.jar:5.5]
	at org.apache.jmeter.config.CSVDataSet.iterationStart(CSVDataSet.java:171) ~[ApacheJMeter_components-5.5.jar:5.5]
	at org.apache.jmeter.control.GenericController.fireIterationStart(GenericController.java:399) ~[ApacheJMeter_core-5.5.jar:5.5]
	at org.apache.jmeter.control.GenericController.fireIterEvents(GenericController.java:391) ~[ApacheJMeter_core-5.5.jar:5.5]
	at org.apache.jmeter.control.GenericController.next(GenericController.java:160) ~[ApacheJMeter_core-5.5.jar:5.5]
	at org.apache.jmeter.control.LoopController.next(LoopController.java:134) ~[ApacheJMeter_core-5.5.jar:5.5]
	at org.apache.jmeter.threads.AbstractThreadGroup.next(AbstractThreadGroup.java:99) ~[ApacheJMeter_core-5.5.jar:5.5]
	at org.apache.jmeter.threads.JMeterThread.run(JMeterThread.java:266) ~[ApacheJMeter_core-5.5.jar:5.5]
	at java.lang.Thread.run(Thread.java:1583) ~[?:?]
 WARN org.apache.jmeter.engine.StandardJMeterEngine - Error encountered during shutdown of us.abstracta.jmeter.javadsl.core.listeners.HtmlReporter$AutoFlushingResultCollector@12365c88
java.lang.NullPointerException: Cannot invoke "org.apache.jmeter.report.processor.MapResultData.getResult(String)" because "resultData" is null
	at org.apache.jmeter.report.dashboard.JsonExporter.createStatistic(JsonExporter.java:121) ~[ApacheJMeter_core-5.5.jar:5.5]
	at org.apache.jmeter.report.dashboard.JsonExporter.export(JsonExporter.java:72) ~[ApacheJMeter_core-5.5.jar:5.5]
	at org.apache.jmeter.report.dashboard.ReportGenerator.exportData(ReportGenerator.java:382) ~[ApacheJMeter_core-5.5.jar:5.5]
	at org.apache.jmeter.report.dashboard.ReportGenerator.generate(ReportGenerator.java:260) ~[ApacheJMeter_core-5.5.jar:5.5]
	at us.abstracta.jmeter.javadsl.core.listeners.HtmlReporter$HtmlReportSummariser.testEnded(HtmlReporter.java:167) ~[jmeter-java-dsl-1.29.1.jar:1.29.1]
	at org.apache.jmeter.reporters.ResultCollector.testEnded(ResultCollector.java:308) ~[ApacheJMeter_core-5.5.jar:5.5]
	at us.abstracta.jmeter.javadsl.core.listeners.HtmlReporter$AutoFlushingResultCollector.testEnded(HtmlReporter.java:218) ~[jmeter-java-dsl-1.29.1.jar:1.29.1]
	at org.apache.jmeter.reporters.ResultCollector.testEnded(ResultCollector.java:345) ~[ApacheJMeter_core-5.5.jar:5.5]
	at org.apache.jmeter.engine.StandardJMeterEngine.notifyTestListenersOfEnd(StandardJMeterEngine.java:230) ~[ApacheJMeter_core-5.5.jar:5.5]
	at org.apache.jmeter.engine.StandardJMeterEngine.run(StandardJMeterEngine.java:507) ~[ApacheJMeter_core-5.5.jar:5.5]
	at us.abstracta.jmeter.javadsl.core.engines.EmbeddedJmeterEngine$2.runTest(EmbeddedJmeterEngine.java:184) ~[jmeter-java-dsl-1.29.1.jar:1.29.1]
	at us.abstracta.jmeter.javadsl.core.engines.EmbeddedJmeterEngine$TestRunner.run(EmbeddedJmeterEngine.java:205) ~[jmeter-java-dsl-1.29.1.jar:1.29.1]
	at us.abstracta.jmeter.javadsl.core.engines.EmbeddedJmeterEngine.runInEnv(EmbeddedJmeterEngine.java:133) ~[jmeter-java-dsl-1.29.1.jar:1.29.1]
	at us.abstracta.jmeter.javadsl.core.engines.EmbeddedJmeterEngine.run(EmbeddedJmeterEngine.java:93) ~[jmeter-java-dsl-1.29.1.jar:1.29.1]
	at us.abstracta.jmeter.javadsl.core.DslTestPlan.runIn(DslTestPlan.java:151) ~[jmeter-java-dsl-1.29.1.jar:1.29.1]
	at PerformancePortalTest.testPortalWalkthrough(PerformancePortalTest.java:545) ~[test-classes/:?]
	at jdk.internal.reflect.DirectMethodHandleAccessor.invoke(DirectMethodHandleAccessor.java:103) ~[?:?]
	at java.lang.reflect.Method.invoke(Method.java:580) ~[?:?]
	at org.junit.platform.commons.util.ReflectionUtils.invokeMethod(ReflectionUtils.java:727) ~[junit-platform-commons-1.9.1.jar:1.9.1]
	at org.junit.jupiter.engine.execution.MethodInvocation.proceed(MethodInvocation.java:60) ~[junit-jupiter-engine-5.9.1.jar:5.9.1]
	at org.junit.jupiter.engine.execution.InvocationInterceptorChain$ValidatingInvocation.proceed(InvocationInterceptorChain.java:131) ~[junit-jupiter-engine-5.9.1.jar:5.9.1]
	at org.junit.jupiter.engine.extension.TimeoutExtension.intercept(TimeoutExtension.java:156) ~[junit-jupiter-engine-5.9.1.jar:5.9.1]
	at org.junit.jupiter.engine.extension.TimeoutExtension.interceptTestableMethod(TimeoutExtension.java:147) ~[junit-jupiter-engine-5.9.1.jar:5.9.1]
	at org.junit.jupiter.engine.extension.TimeoutExtension.interceptTestMethod(TimeoutExtension.java:86) ~[junit-jupiter-engine-5.9.1.jar:5.9.1]
	at org.junit.jupiter.engine.execution.InterceptingExecutableInvoker$ReflectiveInterceptorCall.lambda$ofVoidMethod$0(InterceptingExecutableInvoker.java:103) ~[junit-jupiter-engine-5.9.1.jar:5.9.1]
	at org.junit.jupiter.engine.execution.InterceptingExecutableInvoker.lambda$invoke$0(InterceptingExecutableInvoker.java:93) ~[junit-jupiter-engine-5.9.1.jar:5.9.1]
	at org.junit.jupiter.engine.execution.InvocationInterceptorChain$InterceptedInvocation.proceed(InvocationInterceptorChain.java:106) ~[junit-jupiter-engine-5.9.1.jar:5.9.1]
	at org.junit.jupiter.engine.execution.InvocationInterceptorChain.proceed(InvocationInterceptorChain.java:64) ~[junit-jupiter-engine-5.9.1.jar:5.9.1]
	at org.junit.jupiter.engine.execution.InvocationInterceptorChain.chainAndInvoke(InvocationInterceptorChain.java:45) ~[junit-jupiter-engine-5.9.1.jar:5.9.1]
	at org.junit.jupiter.engine.execution.InvocationInterceptorChain.invoke(InvocationInterceptorChain.java:37) ~[junit-jupiter-engine-5.9.1.jar:5.9.1]
	at org.junit.jupiter.engine.execution.InterceptingExecutableInvoker.invoke(InterceptingExecutableInvoker.java:92) ~[junit-jupiter-engine-5.9.1.jar:5.9.1]
	at org.junit.jupiter.engine.execution.InterceptingExecutableInvoker.invoke(InterceptingExecutableInvoker.java:86) ~[junit-jupiter-engine-5.9.1.jar:5.9.1]
	at org.junit.jupiter.engine.descriptor.TestMethodTestDescriptor.lambda$invokeTestMethod$7(TestMethodTestDescriptor.java:217) ~[junit-jupiter-engine-5.9.1.jar:5.9.1]
	at org.junit.platform.engine.support.hierarchical.ThrowableCollector.execute(ThrowableCollector.java:73) ~[junit-platform-engine-1.9.1.jar:1.9.1]
	at org.junit.jupiter.engine.descriptor.TestMethodTestDescriptor.invokeTestMethod(TestMethodTestDescriptor.java:213) ~[junit-jupiter-engine-5.9.1.jar:5.9.1]
	at org.junit.jupiter.engine.descriptor.TestMethodTestDescriptor.execute(TestMethodTestDescriptor.java:138) ~[junit-jupiter-engine-5.9.1.jar:5.9.1]
	at org.junit.jupiter.engine.descriptor.TestMethodTestDescriptor.execute(TestMethodTestDescriptor.java:68) ~[junit-jupiter-engine-5.9.1.jar:5.9.1]
	at org.junit.platform.engine.support.hierarchical.NodeTestTask.lambda$executeRecursively$6(NodeTestTask.java:151) ~[junit-platform-engine-1.9.1.jar:1.9.1]
	at org.junit.platform.engine.support.hierarchical.ThrowableCollector.execute(ThrowableCollector.java:73) ~[junit-platform-engine-1.9.1.jar:1.9.1]
	at org.junit.platform.engine.support.hierarchical.NodeTestTask.lambda$executeRecursively$8(NodeTestTask.java:141) ~[junit-platform-engine-1.9.1.jar:1.9.1]
	at org.junit.platform.engine.support.hierarchical.Node.around(Node.java:137) ~[junit-platform-engine-1.9.1.jar:1.9.1]
	at org.junit.platform.engine.support.hierarchical.NodeTestTask.lambda$executeRecursively$9(NodeTestTask.java:139) ~[junit-platform-engine-1.9.1.jar:1.9.1]
	at org.junit.platform.engine.support.hierarchical.ThrowableCollector.execute(ThrowableCollector.java:73) ~[junit-platform-engine-1.9.1.jar:1.9.1]
	at org.junit.platform.engine.support.hierarchical.NodeTestTask.executeRecursively(NodeTestTask.java:138) ~[junit-platform-engine-1.9.1.jar:1.9.1]
	at org.junit.platform.engine.support.hierarchical.NodeTestTask.execute(NodeTestTask.java:95) ~[junit-platform-engine-1.9.1.jar:1.9.1]
	at java.util.ArrayList.forEach(ArrayList.java:1596) ~[?:?]
	at org.junit.platform.engine.support.hierarchical.SameThreadHierarchicalTestExecutorService.invokeAll(SameThreadHierarchicalTestExecutorService.java:41) ~[junit-platform-engine-1.9.1.jar:1.9.1]
	at org.junit.platform.engine.support.hierarchical.NodeTestTask.lambda$executeRecursively$6(NodeTestTask.java:155) ~[junit-platform-engine-1.9.1.jar:1.9.1]
	at org.junit.platform.engine.support.hierarchical.ThrowableCollector.execute(ThrowableCollector.java:73) ~[junit-platform-engine-1.9.1.jar:1.9.1]
	at org.junit.platform.engine.support.hierarchical.NodeTestTask.lambda$executeRecursively$8(NodeTestTask.java:141) ~[junit-platform-engine-1.9.1.jar:1.9.1]
	at org.junit.platform.engine.support.hierarchical.Node.around(Node.java:137) ~[junit-platform-engine-1.9.1.jar:1.9.1]
	at org.junit.platform.engine.support.hierarchical.NodeTestTask.lambda$executeRecursively$9(NodeTestTask.java:139) ~[junit-platform-engine-1.9.1.jar:1.9.1]
	at org.junit.platform.engine.support.hierarchical.ThrowableCollector.execute(ThrowableCollector.java:73) ~[junit-platform-engine-1.9.1.jar:1.9.1]
	at org.junit.platform.engine.support.hierarchical.NodeTestTask.executeRecursively(NodeTestTask.java:138) ~[junit-platform-engine-1.9.1.jar:1.9.1]
	at org.junit.platform.engine.support.hierarchical.NodeTestTask.execute(NodeTestTask.java:95) ~[junit-platform-engine-1.9.1.jar:1.9.1]
	at java.util.ArrayList.forEach(ArrayList.java:1596) ~[?:?]
	at org.junit.platform.engine.support.hierarchical.SameThreadHierarchicalTestExecutorService.invokeAll(SameThreadHierarchicalTestExecutorService.java:41) ~[junit-platform-engine-1.9.1.jar:1.9.1]
	at org.junit.platform.engine.support.hierarchical.NodeTestTask.lambda$executeRecursively$6(NodeTestTask.java:155) ~[junit-platform-engine-1.9.1.jar:1.9.1]
	at org.junit.platform.engine.support.hierarchical.ThrowableCollector.execute(ThrowableCollector.java:73) ~[junit-platform-engine-1.9.1.jar:1.9.1]
	at org.junit.platform.engine.support.hierarchical.NodeTestTask.lambda$executeRecursively$8(NodeTestTask.java:141) ~[junit-platform-engine-1.9.1.jar:1.9.1]
	at org.junit.platform.engine.support.hierarchical.Node.around(Node.java:137) ~[junit-platform-engine-1.9.1.jar:1.9.1]
	at org.junit.platform.engine.support.hierarchical.NodeTestTask.lambda$executeRecursively$9(NodeTestTask.java:139) ~[junit-platform-engine-1.9.1.jar:1.9.1]
	at org.junit.platform.engine.support.hierarchical.ThrowableCollector.execute(ThrowableCollector.java:73) ~[junit-platform-engine-1.9.1.jar:1.9.1]
	at org.junit.platform.engine.support.hierarchical.NodeTestTask.executeRecursively(NodeTestTask.java:138) ~[junit-platform-engine-1.9.1.jar:1.9.1]
	at org.junit.platform.engine.support.hierarchical.NodeTestTask.execute(NodeTestTask.java:95) ~[junit-platform-engine-1.9.1.jar:1.9.1]
	at org.junit.platform.engine.support.hierarchical.SameThreadHierarchicalTestExecutorService.submit(SameThreadHierarchicalTestExecutorService.java:35) ~[junit-platform-engine-1.9.1.jar:1.9.1]
	at org.junit.platform.engine.support.hierarchical.HierarchicalTestExecutor.execute(HierarchicalTestExecutor.java:57) ~[junit-platform-engine-1.9.1.jar:1.9.1]
	at org.junit.platform.engine.support.hierarchical.HierarchicalTestEngine.execute(HierarchicalTestEngine.java:54) ~[junit-platform-engine-1.9.1.jar:1.9.1]
	at org.junit.platform.launcher.core.EngineExecutionOrchestrator.execute(EngineExecutionOrchestrator.java:147) ~[junit-platform-launcher-1.9.1.jar:1.9.1]
	at org.junit.platform.launcher.core.EngineExecutionOrchestrator.execute(EngineExecutionOrchestrator.java:127) ~[junit-platform-launcher-1.9.1.jar:1.9.1]
	at org.junit.platform.launcher.core.EngineExecutionOrchestrator.execute(EngineExecutionOrchestrator.java:90) ~[junit-platform-launcher-1.9.1.jar:1.9.1]
	at org.junit.platform.launcher.core.EngineExecutionOrchestrator.lambda$execute$0(EngineExecutionOrchestrator.java:55) ~[junit-platform-launcher-1.9.1.jar:1.9.1]
	at org.junit.platform.launcher.core.EngineExecutionOrchestrator.withInterceptedStreams(EngineExecutionOrchestrator.java:102) ~[junit-platform-launcher-1.9.1.jar:1.9.1]
	at org.junit.platform.launcher.core.EngineExecutionOrchestrator.execute(EngineExecutionOrchestrator.java:54) ~[junit-platform-launcher-1.9.1.jar:1.9.1]
	at org.junit.platform.launcher.core.DefaultLauncher.execute(DefaultLauncher.java:114) ~[junit-platform-launcher-1.9.1.jar:1.9.1]
	at org.junit.platform.launcher.core.DefaultLauncher.execute(DefaultLauncher.java:86) ~[junit-platform-launcher-1.9.1.jar:1.9.1]
	at org.junit.platform.launcher.core.DefaultLauncherSession$DelegatingLauncher.execute(DefaultLauncherSession.java:86) ~[junit-platform-launcher-1.9.1.jar:1.9.1]
	at org.apache.maven.surefire.junitplatform.LazyLauncher.execute(LazyLauncher.java:56) ~[surefire-junit-platform-3.1.2.jar:3.1.2]
	at org.apache.maven.surefire.junitplatform.JUnitPlatformProvider.execute(JUnitPlatformProvider.java:184) ~[surefire-junit-platform-3.1.2.jar:3.1.2]
	at org.apache.maven.surefire.junitplatform.JUnitPlatformProvider.invokeAllTests(JUnitPlatformProvider.java:148) ~[surefire-junit-platform-3.1.2.jar:3.1.2]
	at org.apache.maven.surefire.junitplatform.JUnitPlatformProvider.invoke(JUnitPlatformProvider.java:122) ~[surefire-junit-platform-3.1.2.jar:3.1.2]
	at org.apache.maven.surefire.booter.ForkedBooter.runSuitesInProcess(ForkedBooter.java:385) ~[surefire-booter-3.1.2.jar:3.1.2]
	at org.apache.maven.surefire.booter.ForkedBooter.execute(ForkedBooter.java:162) ~[surefire-booter-3.1.2.jar:3.1.2]
	at org.apache.maven.surefire.booter.ForkedBooter.run(ForkedBooter.java:507) ~[surefire-booter-3.1.2.jar:3.1.2]
	at org.apache.maven.surefire.booter.ForkedBooter.main(ForkedBooter.java:495) ~[surefire-booter-3.1.2.jar:3.1.2]
]]></system-err>
  </testcase>
</testsuite>